<?xml version="1.0" encoding="UTF-8"?>
<testng-results ignored="0" total="2" passed="2" failed="0" skipped="0">
  <reporter-output>
    <line>
      <![CDATA[The test cases has been passed]]>
    </line>
    <line>
      <![CDATA[The test cases has been passed]]>
    </line>
  </reporter-output>
  <suite started-at="2024-12-15T10:10:04 IST" name="Suite" finished-at="2024-12-15T10:11:03 IST" duration-ms="58614">
    <groups>
    </groups>
    <test started-at="2024-12-15T10:10:04 IST" name="Test" finished-at="2024-12-15T10:11:03 IST" duration-ms="58614">
      <class name="packagemaven.Project_Maven.TestCase2_FbLogin_Logout">
        <test-method signature="LaunchFB()[pri:0, instance:packagemaven.Project_Maven.TestCase2_FbLogin_Logout@7db12bb6]" started-at="2024-12-15T10:10:22 IST" name="LaunchFB" finished-at="2024-12-15T10:11:00 IST" duration-ms="37863" status="PASS">
          <reporter-output>
            <line>
              <![CDATA[The test cases has been passed]]>
            </line>
          </reporter-output>
        </test-method> <!-- LaunchFB -->
      </class> <!-- packagemaven.Project_Maven.TestCase2_FbLogin_Logout -->
      <class name="packagemaven.Project_Maven.TestCase1_LoginFb">
        <test-method signature="LaunchFB()[pri:0, instance:packagemaven.Project_Maven.TestCase1_LoginFb@4b0d79fc]" started-at="2024-12-15T10:10:05 IST" name="LaunchFB" finished-at="2024-12-15T10:10:13 IST" duration-ms="8719" status="PASS">
          <reporter-output>
            <line>
              <![CDATA[The test cases has been passed]]>
            </line>
          </reporter-output>
        </test-method> <!-- LaunchFB -->
      </class> <!-- packagemaven.Project_Maven.TestCase1_LoginFb -->
    </test> <!-- Test -->
  </suite> <!-- Suite -->
</testng-results>
