<?xml version="1.0" encoding="UTF-8"?>
<testng-results ignored="0" total="1" passed="1" failed="0" skipped="0">
  <reporter-output>
  </reporter-output>
  <suite started-at="2024-12-17T18:08:42 IST" name="Default suite" finished-at="2024-12-17T18:09:52 IST" duration-ms="70652">
    <groups>
    </groups>
    <test started-at="2024-12-17T18:08:42 IST" name="Default test" finished-at="2024-12-17T18:09:52 IST" duration-ms="70652">
      <class name="amazon_test_java.WishList_DetailsPage_TestCase5">
        <test-method is-config="true" signature="launchAmazon()[pri:0, instance:amazon_test_java.WishList_DetailsPage_TestCase5@27462a88]" started-at="2024-12-17T18:08:42 IST" name="launchAmazon" finished-at="2024-12-17T18:08:57 IST" duration-ms="15071" status="PASS">
          <reporter-output>
          </reporter-output>
        </test-method> <!-- launchAmazon -->
        <test-method signature="add_to_cart_from_wishListDetails_page()[pri:0, instance:amazon_test_java.WishList_DetailsPage_TestCase5@27462a88]" started-at="2024-12-17T18:08:57 IST" name="add_to_cart_from_wishListDetails_page" finished-at="2024-12-17T18:09:52 IST" duration-ms="55450" status="PASS">
          <reporter-output>
          </reporter-output>
        </test-method> <!-- add_to_cart_from_wishListDetails_page -->
        <test-method is-config="true" signature="quitAmazon()[pri:0, instance:amazon_test_java.WishList_DetailsPage_TestCase5@27462a88]" started-at="2024-12-17T18:09:52 IST" name="quitAmazon" finished-at="2024-12-17T18:09:52 IST" duration-ms="2" status="PASS">
          <reporter-output>
          </reporter-output>
        </test-method> <!-- quitAmazon -->
      </class> <!-- amazon_test_java.WishList_DetailsPage_TestCase5 -->
    </test> <!-- Default test -->
  </suite> <!-- Default suite -->
</testng-results>
